<?xml version="1.0" encoding="UTF-8"?>
<coverage generated="1753055524460" clover="3.2.0">
  <project timestamp="1753055524460" name="All files">
    <metrics statements="4" coveredstatements="4" conditionals="0" coveredconditionals="0" methods="0" coveredmethods="0" elements="4" coveredelements="4" complexity="0" loc="4" ncloc="4" packages="1" files="1" classes="1"/>
    <file name="supabaseClient.js" path="C:\Users\Hp\OneDrive\Desktop\UofT\CSCC01\term-group-project-c01s25-project-temptracker\server\app\models\supabaseClient.js">
      <metrics statements="4" coveredstatements="4" conditionals="0" coveredconditionals="0" methods="0" coveredmethods="0"/>
      <line num="1" count="1" type="stmt"/>
      <line num="2" count="1" type="stmt"/>
      <line num="4" count="1" type="stmt"/>
      <line num="9" count="1" type="stmt"/>
    </file>
  </project>
</coverage>
