{"C:\\Users\\Hp\\OneDrive\\Desktop\\UofT\\CSCC01\\term-group-project-c01s25-project-temptracker\\server\\app\\services\\generalDataService.js": {"path":"C:\\Users\\Hp\\OneDrive\\Desktop\\UofT\\CSCC01\\term-group-project-c01s25-project-temptracker\\server\\app\\services\\generalDataService.js","statementMap":{"0":{"start":{"line":1,"column":17},"end":{"line":1,"column":52}},"1":{"start":{"line":4,"column":2},"end":{"line":11,"column":3}},"2":{"start":{"line":5,"column":21},"end":{"line":5,"column":62}},"3":{"start":{"line":7,"column":4},"end":{"line":7,"column":22}},"4":{"start":{"line":9,"column":4},"end":{"line":9,"column":47}},"5":{"start":{"line":10,"column":4},"end":{"line":10,"column":12}},"6":{"start":{"line":14,"column":0},"end":{"line":16,"column":2}}},"fnMap":{"0":{"name":"getBadges","decl":{"start":{"line":3,"column":15},"end":{"line":3,"column":24}},"loc":{"start":{"line":3,"column":27},"end":{"line":12,"column":1}},"line":3}},"branchMap":{"0":{"loc":{"start":{"line":7,"column":11},"end":{"line":7,"column":21}},"type":"binary-expr","locations":[{"start":{"line":7,"column":11},"end":{"line":7,"column":15}},{"start":{"line":7,"column":19},"end":{"line":7,"column":21}}],"line":7}},"s":{"0":1,"1":3,"2":3,"3":2,"4":1,"5":1,"6":1},"f":{"0":3},"b":{"0":[2,1]},"_coverageSchema":"1a1c01bbd47fc00a2c39e90264f33305004495a9","hash":"9a1149f74f31b816243de5f03cbef8d61eff690f"}
,"C:\\Users\\Hp\\OneDrive\\Desktop\\UofT\\CSCC01\\term-group-project-c01s25-project-temptracker\\server\\app\\services\\temperatureService.js": {"path":"C:\\Users\\Hp\\OneDrive\\Desktop\\UofT\\CSCC01\\term-group-project-c01s25-project-temptracker\\server\\app\\services\\temperatureService.js","statementMap":{"0":{"start":{"line":1,"column":17},"end":{"line":1,"column":52}},"1":{"start":{"line":4,"column":2},"end":{"line":34,"column":3}},"2":{"start":{"line":5,"column":29},"end":{"line":5,"column":54}},"3":{"start":{"line":6,"column":22},"end":{"line":6,"column":46}},"4":{"start":{"line":7,"column":4},"end":{"line":7,"column":65}},"5":{"start":{"line":9,"column":26},"end":{"line":19,"column":5}},"6":{"start":{"line":21,"column":21},"end":{"line":25,"column":15}},"7":{"start":{"line":27,"column":4},"end":{"line":30,"column":6}},"8":{"start":{"line":32,"column":4},"end":{"line":32,"column":50}},"9":{"start":{"line":33,"column":4},"end":{"line":33,"column":12}},"10":{"start":{"line":38,"column":2},"end":{"line":58,"column":3}},"11":{"start":{"line":39,"column":21},"end":{"line":52,"column":5}},"12":{"start":{"line":40,"column":38},"end":{"line":51,"column":7}},"13":{"start":{"line":54,"column":4},"end":{"line":54,"column":77}},"14":{"start":{"line":56,"column":4},"end":{"line":56,"column":50}},"15":{"start":{"line":57,"column":4},"end":{"line":57,"column":12}},"16":{"start":{"line":61,"column":0},"end":{"line":64,"column":2}}},"fnMap":{"0":{"name":"submitTemperature","decl":{"start":{"line":3,"column":15},"end":{"line":3,"column":32}},"loc":{"start":{"line":3,"column":43},"end":{"line":35,"column":1}},"line":3},"1":{"name":"submitTemperatures","decl":{"start":{"line":37,"column":15},"end":{"line":37,"column":33}},"loc":{"start":{"line":37,"column":43},"end":{"line":59,"column":1}},"line":37},"2":{"name":"(anonymous_2)","decl":{"start":{"line":40,"column":27},"end":{"line":40,"column":28}},"loc":{"start":{"line":40,"column":38},"end":{"line":51,"column":7}},"line":40}},"branchMap":{"0":{"loc":{"start":{"line":11,"column":8},"end":{"line":13,"column":32}},"type":"cond-expr","locations":[{"start":{"line":12,"column":12},"end":{"line":12,"column":49}},{"start":{"line":13,"column":12},"end":{"line":13,"column":32}}],"line":11},"1":{"loc":{"start":{"line":42,"column":10},"end":{"line":44,"column":30}},"type":"cond-expr","locations":[{"start":{"line":43,"column":14},"end":{"line":43,"column":47}},{"start":{"line":44,"column":14},"end":{"line":44,"column":30}}],"line":42}},"s":{"0":1,"1":3,"2":3,"3":3,"4":3,"5":3,"6":3,"7":2,"8":1,"9":1,"10":2,"11":2,"12":3,"13":1,"14":1,"15":1,"16":1},"f":{"0":3,"1":2,"2":3},"b":{"0":[1,2],"1":[2,1]},"_coverageSchema":"1a1c01bbd47fc00a2c39e90264f33305004495a9","hash":"ff2754d558ef87b9b12bd1c0d42be9c82fe917e4"}
}
