{"C:\\Users\\Hp\\OneDrive\\Desktop\\UofT\\CSCC01\\term-group-project-c01s25-project-temptracker\\server\\app\\models\\supabaseClient.js": {"path":"C:\\Users\\Hp\\OneDrive\\Desktop\\UofT\\CSCC01\\term-group-project-c01s25-project-temptracker\\server\\app\\models\\supabaseClient.js","statementMap":{"0":{"start":{"line":1,"column":25},"end":{"line":1,"column":57}},"1":{"start":{"line":2,"column":0},"end":{"line":2,"column":27}},"2":{"start":{"line":4,"column":17},"end":{"line":7,"column":1}},"3":{"start":{"line":9,"column":0},"end":{"line":9,"column":26}}},"fnMap":{},"branchMap":{},"s":{"0":1,"1":1,"2":1,"3":1},"f":{},"b":{},"_coverageSchema":"1a1c01bbd47fc00a2c39e90264f33305004495a9","hash":"c76f3d38ed12a15a1fc9d6a4276d4398efffd48f"}
}
