TN:
SF:app\services\generalDataService.js
FN:3,getBadges
FNF:1
FNH:1
FNDA:3,getBadges
DA:1,1
DA:4,3
DA:5,3
DA:7,2
DA:9,1
DA:10,1
DA:14,1
LF:7
LH:7
BRDA:7,0,0,2
BRDA:7,0,1,1
BRF:2
BRH:2
end_of_record
TN:
SF:app\services\temperatureService.js
FN:3,submitTemperature
FN:37,submitTemperatures
FN:40,(anonymous_2)
FNF:3
FNH:3
FNDA:3,submitTemperature
FNDA:2,submitTemperatures
FNDA:3,(anonymous_2)
DA:1,1
DA:4,3
DA:5,3
DA:6,3
DA:7,3
DA:9,3
DA:21,3
DA:27,2
DA:32,1
DA:33,1
DA:38,2
DA:39,2
DA:40,3
DA:54,1
DA:56,1
DA:57,1
DA:61,1
LF:17
LH:17
BRDA:11,0,0,1
BRDA:11,0,1,2
BRDA:42,1,0,2
BRDA:42,1,1,1
BRF:4
BRH:4
end_of_record
